#
# There is insufficient memory for the Java Runtime Environment to continue.
# Native memory allocation (mmap) failed to map 132120576 bytes for G1 virtual space
# Possible reasons:
#   The system is out of physical RAM or swap space
#   The process is running with CompressedOops enabled, and the Java Heap may be blocking the growth of the native heap
# Possible solutions:
#   Reduce memory load on the system
#   Increase physical memory or swap space
#   Check if swap backing store is full
#   Decrease Java heap size (-Xmx/-Xms)
#   Decrease number of Java threads
#   Decrease Java thread stack sizes (-Xss)
#   Set larger code cache with -XX:ReservedCodeCacheSize=
#   JVM is running with Unscaled Compressed Oops mode in which the Java heap is
#     placed in the first 4GB address space. The Java Heap base address is the
#     maximum limit for the native heap growth. Please use -XX:HeapBaseMinAddress
#     to set the Java Heap base and to place the Java Heap above 4GB virtual address.
# This output file may be truncated or incomplete.
#
#  Out of Memory Error (os_windows.cpp:3825), pid=5284, tid=20184
#
# JRE version:  (17.0.9) (build )
# Java VM: OpenJDK 64-Bit Server VM (17.0.9+0--11185874, mixed mode, sharing, tiered, compressed oops, compressed class ptrs, g1 gc, windows-amd64)
# No core dump will be written. Minidumps are not enabled by default on client versions of Windows
#

---------------  S U M M A R Y ------------

Command Line: -Dorg.gradle.appname=gradlew org.gradle.wrapper.GradleWrapperMain -q -Ptarget-platform=android-x64 -Ptarget=C:\Users\Rudra\FlutterApps\chatbot\lib\main.dart -Pbase-application-name=android.app.Application -Pdart-defines=Zmx1dHRlci5pbnNwZWN0b3Iuc3RydWN0dXJlZEVycm9ycz10cnVl,RkxVVFRFUl9XRUJfQVVUT19ERVRFQ1Q9dHJ1ZQ==,RkxVVFRFUl9XRUJfQ0FOVkFTS0lUX1VSTD1odHRwczovL3d3dy5nc3RhdGljLmNvbS9mbHV0dGVyLWNhbnZhc2tpdC8yZTRiYTljNmZiNDk5Y2NkNGU4MTQyMDU0Mzc4M2NjNzI2N2FlNDA2Lw== -Pdart-obfuscation=false -Ptrack-widget-creation=true -Ptree-shake-icons=false -Pfilesystem-scheme=org-dartlang-root assembleDebug

Host: Intel(R) Core(TM) i5-10300H CPU @ 2.50GHz, 8 cores, 7G,  Windows 11 , 64 bit Build 22621 (10.0.22621.3374)
Time: Fri May 17 00:10:16 2024 India Standard Time elapsed time: 0.052958 seconds (0d 0h 0m 0s)

---------------  T H R E A D  ---------------

Current thread (0x000001d6ed20c9f0):  JavaThread "Unknown thread" [_thread_in_vm, id=20184, stack(0x00000006a0000000,0x00000006a0100000)]

Stack: [0x00000006a0000000,0x00000006a0100000]
Native frames: (J=compiled Java code, j=interpreted, Vv=VM code, C=native code)
V  [jvm.dll+0x6886e9]
V  [jvm.dll+0x841e4a]
V  [jvm.dll+0x843a8e]
V  [jvm.dll+0x8440f3]
V  [jvm.dll+0x24c14f]
V  [jvm.dll+0x685499]
V  [jvm.dll+0x679c2a]
V  [jvm.dll+0x30cf9b]
V  [jvm.dll+0x314446]
V  [jvm.dll+0x36425e]
V  [jvm.dll+0x36448f]
V  [jvm.dll+0x2e2d68]
V  [jvm.dll+0x2e3cd4]
V  [jvm.dll+0x8129f1]
V  [jvm.dll+0x3720c1]
V  [jvm.dll+0x7f152c]
V  [jvm.dll+0x3f5d4f]
V  [jvm.dll+0x3f7981]
C  [jli.dll+0x528f]
C  [ucrtbase.dll+0x29333]
C  [KERNEL32.DLL+0x1257d]
C  [ntdll.dll+0x5aa48]


---------------  P R O C E S S  ---------------

Threads class SMR info:
_java_thread_list=0x00007ffba158ef18, length=0, elements={
}

Java Threads: ( => current thread )

Other Threads:
  0x000001d6ed2663f0 GCTaskThread "GC Thread#0" [stack: 0x00000006a0100000,0x00000006a0200000] [id=40624]
  0x000001d6ed276e00 ConcurrentGCThread "G1 Main Marker" [stack: 0x00000006a0200000,0x00000006a0300000] [id=24860]
  0x000001d6ed277820 ConcurrentGCThread "G1 Conc#0" [stack: 0x00000006a0300000,0x00000006a0400000] [id=29464]

[error occurred during error reporting (printing all threads), id 0xc0000005, EXCEPTION_ACCESS_VIOLATION (0xc0000005) at pc=0x00007ffba0d43937]

VM state: not at safepoint (not fully initialized)

VM Mutex/Monitor currently owned by a thread:  ([mutex/lock_event])
[0x000001d6ed207560] Heap_lock - owner thread: 0x000001d6ed20c9f0

Heap address: 0x0000000082a00000, size: 2006 MB, Compressed Oops mode: 32-bit

CDS archive(s) mapped at: [0x0000000000000000-0x0000000000000000-0x0000000000000000), size 0, SharedBaseAddress: 0x0000000800000000, ArchiveRelocationMode: 1.
Narrow klass base: 0x0000000000000000, Narrow klass shift: 0, Narrow klass range: 0x0

GC Precious Log:
<Empty>

Heap:
 garbage-first heap   total 0K, used 0K [0x0000000082a00000, 0x0000000100000000)
  region size 1024K, 0 young (0K), 0 survivors (0K)
 Metaspace       used 0K, committed 0K, reserved 0K
  class space    used 0K, committed 0K, reserved 0K

Heap Regions: E=young(eden), S=young(survivor), O=old, HS=humongous(starts), HC=humongous(continues), CS=collection set, F=free, OA=open archive, CA=closed archive, TAMS=top-at-mark-start (previous, next)

Card table byte_map: [0x000001d680000000,0x000001d6803f0000] _byte_map_base: 0x000001d67fbeb000

Marking Bits (Prev, Next): (CMBitMap*) 0x000001d6ed266a10, (CMBitMap*) 0x000001d6ed266a50
 Prev Bits: [0x000001d6807e0000, 0x000001d682738000)
 Next Bits: [0x000001d682740000, 0x000001d684698000)

GC Heap History (0 events):
No events

Dll operation events (1 events):
Event: 0.027 Loaded shared library C:\Program Files\Android\Android Studio\jbr\bin\java.dll

Deoptimization events (0 events):
No events

Classes unloaded (0 events):
No events

Classes redefined (0 events):
No events

Internal exceptions (0 events):
No events

VM Operations (0 events):
No events

Events (0 events):
No events


Dynamic libraries:
0x00007ff62c7a0000 - 0x00007ff62c7aa000 	C:\Program Files\Android\Android Studio\jbr\bin\java.exe
0x00007ffc252f0000 - 0x00007ffc25506000 	C:\WINDOWS\SYSTEM32\ntdll.dll
0x00007ffc240e0000 - 0x00007ffc241a4000 	C:\WINDOWS\System32\KERNEL32.DLL
0x00007ffc22950000 - 0x00007ffc22cf7000 	C:\WINDOWS\System32\KERNELBASE.dll
0x00007ffc22f00000 - 0x00007ffc23011000 	C:\WINDOWS\System32\ucrtbase.dll
0x00007ffc13700000 - 0x00007ffc13717000 	C:\Program Files\Android\Android Studio\jbr\bin\jli.dll
0x00007ffc046b0000 - 0x00007ffc046cb000 	C:\Program Files\Android\Android Studio\jbr\bin\VCRUNTIME140.dll
0x00007ffc243a0000 - 0x00007ffc2454e000 	C:\WINDOWS\System32\USER32.dll
0x00007ffc22ed0000 - 0x00007ffc22ef6000 	C:\WINDOWS\System32\win32u.dll
0x00007ffc25280000 - 0x00007ffc252a9000 	C:\WINDOWS\System32\GDI32.dll
0x00007ffc22d80000 - 0x00007ffc22e99000 	C:\WINDOWS\System32\gdi32full.dll
0x00007ffc228b0000 - 0x00007ffc2294a000 	C:\WINDOWS\System32\msvcp_win.dll
0x00007ffc0e780000 - 0x00007ffc0ea13000 	C:\WINDOWS\WinSxS\amd64_microsoft.windows.common-controls_6595b64144ccf1df_6.0.22621.3235_none_270f74e173860f98\COMCTL32.dll
0x00007ffc24b30000 - 0x00007ffc24bd7000 	C:\WINDOWS\System32\msvcrt.dll
0x00007ffc233b0000 - 0x00007ffc233e1000 	C:\WINDOWS\System32\IMM32.DLL
0x00007ffc13510000 - 0x00007ffc1351c000 	C:\Program Files\Android\Android Studio\jbr\bin\vcruntime140_1.dll
0x00007ffbec7c0000 - 0x00007ffbec84d000 	C:\Program Files\Android\Android Studio\jbr\bin\msvcp140.dll
0x00007ffba0a50000 - 0x00007ffba16d3000 	C:\Program Files\Android\Android Studio\jbr\bin\server\jvm.dll
0x00007ffc241b0000 - 0x00007ffc24262000 	C:\WINDOWS\System32\ADVAPI32.dll
0x00007ffc24550000 - 0x00007ffc245f8000 	C:\WINDOWS\System32\sechost.dll
0x00007ffc22ea0000 - 0x00007ffc22ec8000 	C:\WINDOWS\System32\bcrypt.dll
0x00007ffc24e50000 - 0x00007ffc24f65000 	C:\WINDOWS\System32\RPCRT4.dll
0x00007ffc21510000 - 0x00007ffc2155d000 	C:\WINDOWS\SYSTEM32\POWRPROF.dll
0x00007ffc06e70000 - 0x00007ffc06e79000 	C:\WINDOWS\SYSTEM32\WSOCK32.dll
0x00007ffc24be0000 - 0x00007ffc24c51000 	C:\WINDOWS\System32\WS2_32.dll
0x00007ffc1a8e0000 - 0x00007ffc1a914000 	C:\WINDOWS\SYSTEM32\WINMM.dll
0x00007ffc1a8b0000 - 0x00007ffc1a8ba000 	C:\WINDOWS\SYSTEM32\VERSION.dll
0x00007ffc21490000 - 0x00007ffc214a3000 	C:\WINDOWS\SYSTEM32\UMPDC.dll
0x00007ffc21700000 - 0x00007ffc21718000 	C:\WINDOWS\SYSTEM32\kernel.appcore.dll
0x00007ffc201f0000 - 0x00007ffc201fa000 	C:\Program Files\Android\Android Studio\jbr\bin\jimage.dll
0x00007ffc1ff50000 - 0x00007ffc20183000 	C:\WINDOWS\SYSTEM32\DBGHELP.DLL
0x00007ffc23020000 - 0x00007ffc233a8000 	C:\WINDOWS\System32\combase.dll
0x00007ffc242c0000 - 0x00007ffc24397000 	C:\WINDOWS\System32\OLEAUT32.dll
0x00007ffc143c0000 - 0x00007ffc143f2000 	C:\WINDOWS\SYSTEM32\dbgcore.DLL
0x00007ffc22d00000 - 0x00007ffc22d79000 	C:\WINDOWS\System32\bcryptPrimitives.dll
0x00007ffc126b0000 - 0x00007ffc126d5000 	C:\Program Files\Android\Android Studio\jbr\bin\java.dll

dbghelp: loaded successfully - version: 4.0.5 - missing functions: none
symbol engine: initialized successfully - sym options: 0x614 - pdb path: .;C:\Program Files\Android\Android Studio\jbr\bin;C:\WINDOWS\SYSTEM32;C:\WINDOWS\WinSxS\amd64_microsoft.windows.common-controls_6595b64144ccf1df_6.0.22621.3235_none_270f74e173860f98;C:\Program Files\Android\Android Studio\jbr\bin\server

VM Arguments:
jvm_args: -Dorg.gradle.appname=gradlew 
java_command: org.gradle.wrapper.GradleWrapperMain -q -Ptarget-platform=android-x64 -Ptarget=C:\Users\Rudra\FlutterApps\chatbot\lib\main.dart -Pbase-application-name=android.app.Application -Pdart-defines=Zmx1dHRlci5pbnNwZWN0b3Iuc3RydWN0dXJlZEVycm9ycz10cnVl,RkxVVFRFUl9XRUJfQVVUT19ERVRFQ1Q9dHJ1ZQ==,RkxVVFRFUl9XRUJfQ0FOVkFTS0lUX1VSTD1odHRwczovL3d3dy5nc3RhdGljLmNvbS9mbHV0dGVyLWNhbnZhc2tpdC8yZTRiYTljNmZiNDk5Y2NkNGU4MTQyMDU0Mzc4M2NjNzI2N2FlNDA2Lw== -Pdart-obfuscation=false -Ptrack-widget-creation=true -Ptree-shake-icons=false -Pfilesystem-scheme=org-dartlang-root assembleDebug
java_class_path (initial): C:\Users\Rudra\FlutterApps\chatbot\android\\gradle\wrapper\gradle-wrapper.jar
Launcher Type: SUN_STANDARD

[Global flags]
     intx CICompilerCount                          = 4                                         {product} {ergonomic}
     uint ConcGCThreads                            = 2                                         {product} {ergonomic}
     uint G1ConcRefinementThreads                  = 8                                         {product} {ergonomic}
   size_t G1HeapRegionSize                         = 1048576                                   {product} {ergonomic}
    uintx GCDrainStackTargetSize                   = 64                                        {product} {ergonomic}
   size_t InitialHeapSize                          = 132120576                                 {product} {ergonomic}
   size_t MarkStackSize                            = 4194304                                   {product} {ergonomic}
   size_t MaxHeapSize                              = 2103443456                                {product} {ergonomic}
   size_t MinHeapDeltaBytes                        = 1048576                                   {product} {ergonomic}
   size_t MinHeapSize                              = 8388608                                   {product} {ergonomic}
    uintx NonNMethodCodeHeapSize                   = 5839372                                {pd product} {ergonomic}
    uintx NonProfiledCodeHeapSize                  = 122909434                              {pd product} {ergonomic}
    uintx ProfiledCodeHeapSize                     = 122909434                              {pd product} {ergonomic}
    uintx ReservedCodeCacheSize                    = 251658240                              {pd product} {ergonomic}
     bool SegmentedCodeCache                       = true                                      {product} {ergonomic}
   size_t SoftMaxHeapSize                          = 2103443456                             {manageable} {ergonomic}
     bool UseCompressedClassPointers               = true                           {product lp64_product} {ergonomic}
     bool UseCompressedOops                        = true                           {product lp64_product} {ergonomic}
     bool UseG1GC                                  = true                                      {product} {ergonomic}
     bool UseLargePagesIndividualAllocation        = false                                  {pd product} {ergonomic}

Logging:
Log output configuration:
 #0: stdout all=warning uptime,level,tags
 #1: stderr all=off uptime,level,tags

Environment Variables:
JAVA_HOME=C:\Program Files\Android\Android Studio\jbr
CLASSPATH=C:\Users\Rudra\FlutterApps\chatbot\android\\gradle\wrapper\gradle-wrapper.jar
PATH=C:\Program Files\Android\Android Studio\jbr\bin;C:\Program Files\Common Files\Oracle\Java\javapath;C:\Windows\system32;C:\Windows;C:\Windows\System32\Wbem;C:\Windows\System32\WindowsPowerShell\v1.0\;C:\Windows\System32\OpenSSH\;C:\Program Files (x86)\NVIDIA Corporation\PhysX\Common;C:\Program Files\NVIDIA Corporation\NVIDIA NvDLISR;C:\WINDOWS\system32;C:\WINDOWS;C:\WINDOWS\System32\Wbem;C:\WINDOWS\System32\WindowsPowerShell\v1.0\;C:\WINDOWS\System32\OpenSSH\;C:\Program Files\Git\cmd;C:\Program Files\Java\jdk-18.0.2.1\bin;C:\Program Files\apache-maven-3.9.6-bin\bin;C:\Program Files (x86)\Windows Kits\10\Windows Performance Toolkit\;C:\Users\Rudra\AppData\Local\Programs\Python\Python39;C:\Users\Rudra\AppData\Local\Programs\Python\Python39\Scripts;C:\Program Files\MySQL\MySQL Shell 8.0\bin\;C:\Users\Rudra\AppData\Local\Microsoft\WindowsApps;C:\Users\Rudra\AppData\Local\Programs\Python\Python39\Scripts;C:\Users\Rudra\AppData\Local\Programs\Microsoft VS Code\bin;C:\msys64\mingw64\bin;C:\Program Files\Java\jdk-18\bin;C:\Program Files\JetBrains\IntelliJ IDEA Community Edition 2022.2.1\bin;;C:\src\flutter\bin;;C:\src\flutter\bin\mingit\cmd
USERNAME=Rudra
OS=Windows_NT
PROCESSOR_IDENTIFIER=Intel64 Family 6 Model 165 Stepping 2, GenuineIntel
TMP=C:\Users\Rudra\AppData\Local\Temp
TEMP=C:\Users\Rudra\AppData\Local\Temp



Periodic native trim disabled

JNI global refs:
JNI global refs: 0, weak refs: 0

JNI global refs memory usage: 0, weak refs: 0

OOME stack traces (most recent first):
Classloader memory used:


---------------  S Y S T E M  ---------------

OS:
 Windows 11 , 64 bit Build 22621 (10.0.22621.3374)
OS uptime: 30 days 2:25 hours
Hyper-V role detected

CPU: total 8 (initial active 8) (4 cores per cpu, 2 threads per core) family 6 model 165 stepping 2 microcode 0xe0, cx8, cmov, fxsr, ht, mmx, 3dnowpref, sse, sse2, sse3, ssse3, sse4.1, sse4.2, popcnt, lzcnt, tsc, tscinvbit, avx, avx2, aes, erms, clmul, bmi1, bmi2, adx, fma, vzeroupper, clflush, clflushopt, hv
Processor Information for all 8 processors :
  Max Mhz: 2496, Current Mhz: 2496, Mhz Limit: 2496

Memory: 4k page, system-wide physical 8023M (147M free)
TotalPageFile size 32599M (AvailPageFile size 102M)
current process WorkingSet (physical memory assigned to process): 11M, peak: 11M
current process commit charge ("private bytes"): 60M, peak: 186M

vm_info: OpenJDK 64-Bit Server VM (17.0.9+0--11185874) for windows-amd64 JRE (17.0.9+0--11185874), built on Dec  6 2023 18:57:44 by "androidbuild" with MS VC++ 16.10 / 16.11 (VS2019)

END.
